TN:
SF:app.js
FN:23,(anonymous_0)
FN:28,(anonymous_1)
FNF:2
FNH:2
FNDA:1,(anonymous_0)
FNDA:1,(anonymous_1)
DA:1,3
DA:2,3
DA:3,3
DA:4,3
DA:5,3
DA:6,3
DA:8,3
DA:10,3
DA:12,3
DA:13,3
DA:14,3
DA:15,3
DA:16,3
DA:17,3
DA:20,3
DA:23,3
DA:24,1
DA:28,3
DA:30,1
DA:31,1
DA:34,1
DA:35,1
DA:38,3
LF:23
LH:23
BRDA:31,0,0,0
BRDA:31,0,1,1
BRDA:34,1,0,1
BRDA:34,1,1,0
BRF:4
BRH:2
end_of_record
TN:
SF:controllers\hotelController.js
FN:4,(anonymous_0)
FN:15,(anonymous_1)
FN:25,(anonymous_2)
FN:36,(anonymous_3)
FN:47,(anonymous_4)
FNF:5
FNH:5
FNDA:3,(anonymous_0)
FNDA:3,(anonymous_1)
FNDA:4,(anonymous_2)
FNDA:2,(anonymous_3)
FNDA:4,(anonymous_4)
DA:1,3
DA:4,3
DA:5,3
DA:6,3
DA:7,3
DA:8,3
DA:10,0
DA:15,3
DA:16,3
DA:17,3
DA:18,3
DA:20,0
DA:25,3
DA:26,4
DA:27,4
DA:28,2
DA:29,2
DA:31,2
DA:36,3
DA:37,2
DA:38,2
DA:39,2
DA:40,2
DA:42,0
DA:47,3
DA:48,4
DA:49,4
DA:50,2
DA:51,2
DA:53,2
DA:57,3
LF:31
LH:28
BRDA:28,0,0,0
BRDA:28,0,1,2
BRDA:39,1,0,0
BRDA:39,1,1,2
BRDA:50,2,0,0
BRDA:50,2,1,2
BRF:6
BRH:3
end_of_record
TN:
SF:models\hotel.js
FNF:0
FNH:0
DA:1,4
DA:3,4
DA:10,4
DA:11,4
LF:4
LH:4
BRF:0
BRH:0
end_of_record
TN:
SF:routes\hotelRoutes.js
FNF:0
FNH:0
DA:1,3
DA:2,3
DA:3,3
DA:6,3
DA:9,3
DA:12,3
DA:15,3
DA:18,3
DA:20,3
LF:9
LH:9
BRF:0
BRH:0
end_of_record
